15:53:33.831 logback [main] INFO  com.qpanda.jls.JlsApplication - Starting JlsApplication on DESKTOP-HG9VE1J with PID 7256 (C:\Users\a5500\IdeaProjects\jls\target\classes started by a5500 in C:\Users\a5500\IdeaProjects\jls)
15:53:33.835 logback [main] INFO  com.qpanda.jls.JlsApplication - No active profile set, falling back to default profiles: default
15:53:35.496 logback [main] INFO  o.s.c.s.PostProcessorRegistrationDelegate$BeanPostProcessorChecker - Bean 'org.springframework.transaction.annotation.ProxyTransactionManagementConfiguration' of type [org.springframework.transaction.annotation.ProxyTransactionManagementConfiguration$$EnhancerBySpringCGLIB$$f40f7e7c] is not eligible for getting processed by all BeanPostProcessors (for example: not eligible for auto-proxying)
15:53:35.869 logback [main] INFO  o.s.b.w.e.tomcat.TomcatWebServer - Tomcat initialized with port(s): 8080 (http)
15:53:35.889 logback [main] INFO  o.a.coyote.http11.Http11NioProtocol - Initializing ProtocolHandler ["http-nio-8080"]
15:53:35.899 logback [main] INFO  o.a.catalina.core.StandardService - Starting service [Tomcat]
15:53:35.900 logback [main] INFO  o.a.catalina.core.StandardEngine - Starting Servlet engine: [Apache Tomcat/9.0.14]
15:53:35.907 logback [main] INFO  o.a.c.core.AprLifecycleListener - The APR based Apache Tomcat Native library which allows optimal performance in production environments was not found on the java.library.path: [C:\Program Files\Java\jdk-12\bin;C:\Windows\Sun\Java\bin;C:\Windows\system32;C:\Windows;C:\Windows\system32;C:\Windows;C:\Windows\System32\Wbem;C:\Windows\System32\WindowsPowerShell\v1.0\;C:\Windows\System32\OpenSSH\;C:\Program Files\nodejs\;C:\Program Files\MySQL\MySQL Server 8.0\bin;C:\Users\a5500\AppData\Local\Microsoft\WindowsApps;C:\Program Files\Java\jdk-12\bin;C:\Program Files\Java\jdk-12\jre\bin;C:\Program Files\Bandizip\;C:\Users\a5500\AppData\Roaming\npm;.]
15:53:36.110 logback [main] INFO  o.a.c.c.C.[Tomcat].[localhost].[/] - Initializing Spring embedded WebApplicationContext
15:53:36.110 logback [main] INFO  o.s.web.context.ContextLoader - Root WebApplicationContext: initialization completed in 2214 ms
15:53:36.945 logback [main] INFO  s.d.s.w.PropertySourcedRequestMappingHandlerMapping - Mapped URL path [/v2/api-docs] onto method [public org.springframework.http.ResponseEntity<springfox.documentation.spring.web.json.Json> springfox.documentation.swagger2.web.Swagger2Controller.getDocumentation(java.lang.String,javax.servlet.http.HttpServletRequest)]
15:53:37.069 logback [main] INFO  o.s.s.c.ThreadPoolTaskExecutor - Initializing ExecutorService 'applicationTaskExecutor'
15:53:37.293 logback [main] INFO  s.d.s.w.p.DocumentationPluginsBootstrapper - Context refreshed
15:53:37.310 logback [main] INFO  s.d.s.w.p.DocumentationPluginsBootstrapper - Found 1 custom documentation plugin(s)
15:53:37.348 logback [main] INFO  s.d.s.w.s.ApiListingReferenceScanner - Scanning for api listing references
15:53:37.480 logback [main] INFO  s.d.s.w.r.o.CachingOperationNameGenerator - Generating unique operation named: getArticleListUsingGET_1
15:53:37.521 logback [main] INFO  s.d.s.w.r.o.CachingOperationNameGenerator - Generating unique operation named: getArticleListByTypeUsingGET_1
15:53:37.617 logback [main] INFO  o.a.coyote.http11.Http11NioProtocol - Starting ProtocolHandler ["http-nio-8080"]
15:53:37.645 logback [main] INFO  o.s.b.w.e.tomcat.TomcatWebServer - Tomcat started on port(s): 8080 (http) with context path ''
15:53:37.649 logback [main] INFO  com.qpanda.jls.JlsApplication - Started JlsApplication in 4.392 seconds (JVM running for 5.974)
15:53:53.644 logback [http-nio-8080-exec-1] INFO  o.a.c.c.C.[Tomcat].[localhost].[/] - Initializing Spring DispatcherServlet 'dispatcherServlet'
15:53:53.645 logback [http-nio-8080-exec-1] INFO  o.s.web.servlet.DispatcherServlet - Initializing Servlet 'dispatcherServlet'
15:53:53.655 logback [http-nio-8080-exec-1] INFO  o.s.web.servlet.DispatcherServlet - Completed initialization in 10 ms
15:53:59.466 logback [http-nio-8080-exec-6] INFO  com.zaxxer.hikari.HikariDataSource - HikariPool-1 - Starting...
15:53:59.754 logback [http-nio-8080-exec-6] INFO  com.zaxxer.hikari.HikariDataSource - HikariPool-1 - Start completed.
16:08:33.772 logback [http-nio-8080-exec-3] WARN  o.s.w.s.m.s.DefaultHandlerExceptionResolver - Resolved [org.springframework.web.HttpRequestMethodNotSupportedException: Request method 'POST' not supported]
16:08:36.400 logback [http-nio-8080-exec-5] WARN  o.s.w.s.m.s.DefaultHandlerExceptionResolver - Resolved [org.springframework.web.HttpRequestMethodNotSupportedException: Request method 'POST' not supported]
16:44:43.193 logback [main] INFO  com.qpanda.jls.JlsApplication - Starting JlsApplication on DESKTOP-HG9VE1J with PID 1152 (C:\Users\a5500\IdeaProjects\jls\target\classes started by a5500 in C:\Users\a5500\IdeaProjects\jls)
16:44:43.198 logback [main] INFO  com.qpanda.jls.JlsApplication - No active profile set, falling back to default profiles: default
16:44:44.695 logback [main] INFO  o.s.c.s.PostProcessorRegistrationDelegate$BeanPostProcessorChecker - Bean 'org.springframework.transaction.annotation.ProxyTransactionManagementConfiguration' of type [org.springframework.transaction.annotation.ProxyTransactionManagementConfiguration$$EnhancerBySpringCGLIB$$2b5d7378] is not eligible for getting processed by all BeanPostProcessors (for example: not eligible for auto-proxying)
16:44:45.028 logback [main] INFO  o.s.b.w.e.tomcat.TomcatWebServer - Tomcat initialized with port(s): 8080 (http)
16:44:45.035 logback [main] INFO  o.a.coyote.http11.Http11NioProtocol - Initializing ProtocolHandler ["http-nio-8080"]
16:44:45.045 logback [main] INFO  o.a.catalina.core.StandardService - Starting service [Tomcat]
16:44:45.045 logback [main] INFO  o.a.catalina.core.StandardEngine - Starting Servlet engine: [Apache Tomcat/9.0.14]
16:44:45.055 logback [main] INFO  o.a.c.core.AprLifecycleListener - The APR based Apache Tomcat Native library which allows optimal performance in production environments was not found on the java.library.path: [C:\Program Files\Java\jdk-12\bin;C:\Windows\Sun\Java\bin;C:\Windows\system32;C:\Windows;C:\Windows\system32;C:\Windows;C:\Windows\System32\Wbem;C:\Windows\System32\WindowsPowerShell\v1.0\;C:\Windows\System32\OpenSSH\;C:\Program Files\nodejs\;C:\Program Files\MySQL\MySQL Server 8.0\bin;C:\Users\a5500\AppData\Local\Microsoft\WindowsApps;C:\Program Files\Java\jdk-12\bin;C:\Program Files\Java\jdk-12\jre\bin;C:\Program Files\Bandizip\;C:\Users\a5500\AppData\Roaming\npm;.]
16:44:45.245 logback [main] INFO  o.a.c.c.C.[Tomcat].[localhost].[/] - Initializing Spring embedded WebApplicationContext
16:44:45.245 logback [main] INFO  o.s.web.context.ContextLoader - Root WebApplicationContext: initialization completed in 1967 ms
16:44:45.984 logback [main] INFO  s.d.s.w.PropertySourcedRequestMappingHandlerMapping - Mapped URL path [/v2/api-docs] onto method [public org.springframework.http.ResponseEntity<springfox.documentation.spring.web.json.Json> springfox.documentation.swagger2.web.Swagger2Controller.getDocumentation(java.lang.String,javax.servlet.http.HttpServletRequest)]
16:44:46.109 logback [main] INFO  o.s.s.c.ThreadPoolTaskExecutor - Initializing ExecutorService 'applicationTaskExecutor'
16:44:46.327 logback [main] INFO  s.d.s.w.p.DocumentationPluginsBootstrapper - Context refreshed
16:44:46.343 logback [main] INFO  s.d.s.w.p.DocumentationPluginsBootstrapper - Found 1 custom documentation plugin(s)
16:44:46.375 logback [main] INFO  s.d.s.w.s.ApiListingReferenceScanner - Scanning for api listing references
16:44:46.500 logback [main] INFO  s.d.s.w.r.o.CachingOperationNameGenerator - Generating unique operation named: getArticleListUsingGET_1
16:44:46.535 logback [main] INFO  s.d.s.w.r.o.CachingOperationNameGenerator - Generating unique operation named: getArticleListByTypeUsingGET_1
16:44:46.575 logback [main] INFO  o.a.coyote.http11.Http11NioProtocol - Starting ProtocolHandler ["http-nio-8080"]
16:44:46.595 logback [main] INFO  o.s.b.w.e.tomcat.TomcatWebServer - Tomcat started on port(s): 8080 (http) with context path ''
16:44:46.600 logback [main] INFO  com.qpanda.jls.JlsApplication - Started JlsApplication in 4.068 seconds (JVM running for 5.55)
16:48:46.205 logback [http-nio-8080-exec-1] INFO  o.a.c.c.C.[Tomcat].[localhost].[/] - Initializing Spring DispatcherServlet 'dispatcherServlet'
16:48:46.205 logback [http-nio-8080-exec-1] INFO  o.s.web.servlet.DispatcherServlet - Initializing Servlet 'dispatcherServlet'
16:48:46.214 logback [http-nio-8080-exec-1] INFO  o.s.web.servlet.DispatcherServlet - Completed initialization in 8 ms
16:48:46.280 logback [http-nio-8080-exec-1] INFO  com.zaxxer.hikari.HikariDataSource - HikariPool-1 - Starting...
16:48:46.532 logback [http-nio-8080-exec-1] INFO  com.zaxxer.hikari.HikariDataSource - HikariPool-1 - Start completed.
