14:19:21.496 logback [main] INFO  com.qpanda.jls.JlsApplication - Starting JlsApplication on DESKTOP-HG9VE1J with PID 10580 (C:\Users\a5500\IdeaProjects\jls\target\classes started by a5500 in C:\Users\a5500\IdeaProjects\jls)
14:19:21.501 logback [main] INFO  com.qpanda.jls.JlsApplication - No active profile set, falling back to default profiles: default
14:19:23.248 logback [main] INFO  o.s.c.s.PostProcessorRegistrationDelegate$BeanPostProcessorChecker - Bean 'org.springframework.transaction.annotation.ProxyTransactionManagementConfiguration' of type [org.springframework.transaction.annotation.ProxyTransactionManagementConfiguration$$EnhancerBySpringCGLIB$$f04d4943] is not eligible for getting processed by all BeanPostProcessors (for example: not eligible for auto-proxying)
14:19:23.619 logback [main] INFO  o.s.b.w.e.tomcat.TomcatWebServer - Tomcat initialized with port(s): 8080 (http)
14:19:23.635 logback [main] INFO  o.a.coyote.http11.Http11NioProtocol - Initializing ProtocolHandler ["http-nio-8080"]
14:19:23.639 logback [main] INFO  o.a.catalina.core.StandardService - Starting service [Tomcat]
14:19:23.639 logback [main] INFO  o.a.catalina.core.StandardEngine - Starting Servlet engine: [Apache Tomcat/9.0.14]
14:19:23.649 logback [main] INFO  o.a.c.core.AprLifecycleListener - The APR based Apache Tomcat Native library which allows optimal performance in production environments was not found on the java.library.path: [C:\Program Files\Java\jdk-12\bin;C:\Windows\Sun\Java\bin;C:\Windows\system32;C:\Windows;C:\Windows\system32;C:\Windows;C:\Windows\System32\Wbem;C:\Windows\System32\WindowsPowerShell\v1.0\;C:\Windows\System32\OpenSSH\;C:\Program Files\nodejs\;C:\Program Files\MySQL\MySQL Server 8.0\bin;C:\Users\a5500\AppData\Local\Microsoft\WindowsApps;C:\Program Files\Java\jdk-12\bin;C:\Program Files\Java\jdk-12\jre\bin;C:\Program Files\Bandizip\;C:\Users\a5500\AppData\Roaming\npm;.]
14:19:23.849 logback [main] INFO  o.a.c.c.C.[Tomcat].[localhost].[/] - Initializing Spring embedded WebApplicationContext
14:19:23.849 logback [main] INFO  o.s.web.context.ContextLoader - Root WebApplicationContext: initialization completed in 2277 ms
14:19:24.639 logback [main] INFO  s.d.s.w.PropertySourcedRequestMappingHandlerMapping - Mapped URL path [/v2/api-docs] onto method [public org.springframework.http.ResponseEntity<springfox.documentation.spring.web.json.Json> springfox.documentation.swagger2.web.Swagger2Controller.getDocumentation(java.lang.String,javax.servlet.http.HttpServletRequest)]
14:19:24.749 logback [main] INFO  o.s.s.c.ThreadPoolTaskExecutor - Initializing ExecutorService 'applicationTaskExecutor'
14:19:24.979 logback [main] INFO  s.d.s.w.p.DocumentationPluginsBootstrapper - Context refreshed
14:19:24.989 logback [main] INFO  s.d.s.w.p.DocumentationPluginsBootstrapper - Found 1 custom documentation plugin(s)
14:19:25.029 logback [main] INFO  s.d.s.w.s.ApiListingReferenceScanner - Scanning for api listing references
14:19:25.139 logback [main] INFO  s.d.s.w.r.o.CachingOperationNameGenerator - Generating unique operation named: addArticleUsingPOST_1
14:19:25.139 logback [main] INFO  s.d.s.w.r.o.CachingOperationNameGenerator - Generating unique operation named: deleteArticleUsingDELETE_1
14:19:25.149 logback [main] INFO  s.d.s.w.r.o.CachingOperationNameGenerator - Generating unique operation named: getArticleUsingGET_1
14:19:25.154 logback [main] INFO  s.d.s.w.r.o.CachingOperationNameGenerator - Generating unique operation named: getArticleListUsingGET_1
14:19:25.154 logback [main] INFO  s.d.s.w.r.o.CachingOperationNameGenerator - Generating unique operation named: getArticleListByTypeUsingGET_1
14:19:25.159 logback [main] INFO  s.d.s.w.r.o.CachingOperationNameGenerator - Generating unique operation named: updateArticleUsingPUT_1
14:19:25.169 logback [main] INFO  s.d.s.w.r.o.CachingOperationNameGenerator - Generating unique operation named: addChapterUsingPOST_1
14:19:25.169 logback [main] INFO  s.d.s.w.r.o.CachingOperationNameGenerator - Generating unique operation named: deleteChapterUsingDELETE_1
14:19:25.169 logback [main] INFO  s.d.s.w.r.o.CachingOperationNameGenerator - Generating unique operation named: getArticleListUsingGET_2
14:19:25.169 logback [main] INFO  s.d.s.w.r.o.CachingOperationNameGenerator - Generating unique operation named: getArticleListUsingGET_3
14:19:25.179 logback [main] INFO  s.d.s.w.r.o.CachingOperationNameGenerator - Generating unique operation named: getChapterUsingGET_1
14:19:25.179 logback [main] INFO  s.d.s.w.r.o.CachingOperationNameGenerator - Generating unique operation named: getChapterListByTypeUsingGET_1
14:19:25.179 logback [main] INFO  s.d.s.w.r.o.CachingOperationNameGenerator - Generating unique operation named: updateChapterUsingPUT_1
14:19:25.209 logback [main] INFO  s.d.s.w.r.o.CachingOperationNameGenerator - Generating unique operation named: addQuestionUsingPOST_1
14:19:25.209 logback [main] INFO  s.d.s.w.r.o.CachingOperationNameGenerator - Generating unique operation named: deleteQuestionUsingDELETE_1
14:19:25.209 logback [main] INFO  s.d.s.w.r.o.CachingOperationNameGenerator - Generating unique operation named: getArticleListByTypeUsingGET_2
14:19:25.209 logback [main] INFO  s.d.s.w.r.o.CachingOperationNameGenerator - Generating unique operation named: getArticleListByTypeUsingGET_3
14:19:25.219 logback [main] INFO  s.d.s.w.r.o.CachingOperationNameGenerator - Generating unique operation named: getQuestionUsingGET_1
14:19:25.219 logback [main] INFO  s.d.s.w.r.o.CachingOperationNameGenerator - Generating unique operation named: getQuestionListUsingGET_1
14:19:25.219 logback [main] INFO  s.d.s.w.r.o.CachingOperationNameGenerator - Generating unique operation named: updateQuestionUsingPUT_1
14:19:25.264 logback [main] INFO  o.a.coyote.http11.Http11NioProtocol - Starting ProtocolHandler ["http-nio-8080"]
14:19:25.299 logback [main] INFO  o.s.b.w.e.tomcat.TomcatWebServer - Tomcat started on port(s): 8080 (http) with context path ''
14:19:25.299 logback [main] INFO  com.qpanda.jls.JlsApplication - Started JlsApplication in 4.473 seconds (JVM running for 6.359)
14:20:28.229 logback [http-nio-8080-exec-2] INFO  o.a.c.c.C.[Tomcat].[localhost].[/] - Initializing Spring DispatcherServlet 'dispatcherServlet'
14:20:28.230 logback [http-nio-8080-exec-2] INFO  o.s.web.servlet.DispatcherServlet - Initializing Servlet 'dispatcherServlet'
14:20:28.239 logback [http-nio-8080-exec-2] INFO  o.s.web.servlet.DispatcherServlet - Completed initialization in 9 ms
14:20:28.305 logback [http-nio-8080-exec-2] INFO  com.zaxxer.hikari.HikariDataSource - HikariPool-1 - Starting...
14:20:28.681 logback [http-nio-8080-exec-2] INFO  com.zaxxer.hikari.HikariDataSource - HikariPool-1 - Start completed.
