12:32:18.755 logback [main] INFO  com.qpanda.jls.JlsApplication - Starting JlsApplication on AloneStar-PC with PID 7852 (C:\Users\AloneStar\IdeaProjects\jls\target\classes started by AloneStar in C:\Users\AloneStar\IdeaProjects\jls)
12:32:18.759 logback [main] INFO  com.qpanda.jls.JlsApplication - No active profile set, falling back to default profiles: default
12:32:20.053 logback [main] INFO  o.s.c.s.PostProcessorRegistrationDelegate$BeanPostProcessorChecker - Bean 'org.springframework.transaction.annotation.ProxyTransactionManagementConfiguration' of type [org.springframework.transaction.annotation.ProxyTransactionManagementConfiguration$$EnhancerBySpringCGLIB$$27712977] is not eligible for getting processed by all BeanPostProcessors (for example: not eligible for auto-proxying)
12:32:20.708 logback [main] INFO  o.s.b.w.e.tomcat.TomcatWebServer - Tomcat initialized with port(s): 8080 (http)
12:32:20.724 logback [main] INFO  o.a.coyote.http11.Http11NioProtocol - Initializing ProtocolHandler ["http-nio-8080"]
12:32:20.740 logback [main] INFO  o.a.catalina.core.StandardService - Starting service [Tomcat]
12:32:20.740 logback [main] INFO  o.a.catalina.core.StandardEngine - Starting Servlet engine: [Apache Tomcat/9.0.14]
12:32:20.755 logback [main] INFO  o.a.c.core.AprLifecycleListener - The APR based Apache Tomcat Native library which allows optimal performance in production environments was not found on the java.library.path: [C:\Program Files\Java\jdk1.8.0_111\bin;C:\Windows\Sun\Java\bin;C:\Windows\system32;C:\Windows;C:\Program Files\Java\apache-maven-3.5.4\bin;C:\Program Files (x86)\Common Files\Intel\Shared Libraries\redist\ia32\compiler;C:\Program Files (x86)\Common Files\Intel\Shared Libraries\redist\intel64\compiler;C:\ProgramData\Oracle\Java\javapath;C:\Program Files (x86)\Common Files\Microsoft Shared\Windows Live;C:\Windows\system32;C:\Windows;C:\Windows\System32\Wbem;C:\Windows\System32\WindowsPowerShell\v1.0\;C:\Program Files\Java\jdk1.8.0_111\bin;C:\Users\AloneStar\AppData\Local\Android\sdk\tools;C:\Program Files (x86)\NVIDIA Corporation\PhysX\Common;C:\Program Files (x86)\Microsoft SQL Server\100\Tools\Binn\;C:\Program Files\Microsoft SQL Server\100\Tools\Binn\;C:\Program Files\Microsoft SQL Server\100\DTS\Binn\;C:\Program Files\Java\apache-maven-3.5.4\bin;C:\Program Files\MySQL\MySQL Server 8.0\bin;C:\Program Files (x86)\Common Files\Microsoft Shared\Windows Live;.]
12:32:20.958 logback [main] INFO  o.a.c.c.C.[Tomcat].[localhost].[/] - Initializing Spring embedded WebApplicationContext
12:32:20.958 logback [main] INFO  o.s.web.context.ContextLoader - Root WebApplicationContext: initialization completed in 2123 ms
12:32:22.463 logback [main] INFO  s.d.s.w.PropertySourcedRequestMappingHandlerMapping - Mapped URL path [/v2/api-docs] onto method [public org.springframework.http.ResponseEntity<springfox.documentation.spring.web.json.Json> springfox.documentation.swagger2.web.Swagger2Controller.getDocumentation(java.lang.String,javax.servlet.http.HttpServletRequest)]
12:32:22.609 logback [main] INFO  o.s.s.c.ThreadPoolTaskExecutor - Initializing ExecutorService 'applicationTaskExecutor'
12:32:22.890 logback [main] INFO  s.d.s.w.p.DocumentationPluginsBootstrapper - Context refreshed
12:32:22.921 logback [main] INFO  s.d.s.w.p.DocumentationPluginsBootstrapper - Found 1 custom documentation plugin(s)
12:32:22.952 logback [main] INFO  s.d.s.w.s.ApiListingReferenceScanner - Scanning for api listing references
12:32:23.155 logback [main] INFO  o.a.coyote.http11.Http11NioProtocol - Starting ProtocolHandler ["http-nio-8080"]
12:32:23.186 logback [main] INFO  o.s.b.w.e.tomcat.TomcatWebServer - Tomcat started on port(s): 8080 (http) with context path ''
12:32:23.186 logback [main] INFO  com.qpanda.jls.JlsApplication - Started JlsApplication in 5.005 seconds (JVM running for 6.265)
12:32:48.709 logback [http-nio-8080-exec-1] INFO  o.a.c.c.C.[Tomcat].[localhost].[/] - Initializing Spring DispatcherServlet 'dispatcherServlet'
12:32:48.710 logback [http-nio-8080-exec-1] INFO  o.s.web.servlet.DispatcherServlet - Initializing Servlet 'dispatcherServlet'
12:32:48.722 logback [http-nio-8080-exec-1] INFO  o.s.web.servlet.DispatcherServlet - Completed initialization in 12 ms
12:32:49.562 logback [http-nio-8080-exec-2] INFO  com.zaxxer.hikari.HikariDataSource - HikariPool-1 - Starting...
12:32:50.276 logback [http-nio-8080-exec-2] INFO  com.zaxxer.hikari.HikariDataSource - HikariPool-1 - Start completed.
12:36:06.435 logback [main] INFO  com.qpanda.jls.JlsApplication - Starting JlsApplication on AloneStar-PC with PID 1176 (C:\Users\AloneStar\IdeaProjects\jls\target\classes started by AloneStar in C:\Users\AloneStar\IdeaProjects\jls)
12:36:06.435 logback [main] INFO  com.qpanda.jls.JlsApplication - No active profile set, falling back to default profiles: default
12:36:07.590 logback [main] INFO  o.s.c.s.PostProcessorRegistrationDelegate$BeanPostProcessorChecker - Bean 'org.springframework.transaction.annotation.ProxyTransactionManagementConfiguration' of type [org.springframework.transaction.annotation.ProxyTransactionManagementConfiguration$$EnhancerBySpringCGLIB$$18662442] is not eligible for getting processed by all BeanPostProcessors (for example: not eligible for auto-proxying)
12:36:07.839 logback [main] INFO  o.s.b.w.e.tomcat.TomcatWebServer - Tomcat initialized with port(s): 8080 (http)
12:36:07.839 logback [main] INFO  o.a.coyote.http11.Http11NioProtocol - Initializing ProtocolHandler ["http-nio-8080"]
12:36:07.855 logback [main] INFO  o.a.catalina.core.StandardService - Starting service [Tomcat]
12:36:07.855 logback [main] INFO  o.a.catalina.core.StandardEngine - Starting Servlet engine: [Apache Tomcat/9.0.14]
12:36:07.855 logback [main] INFO  o.a.c.core.AprLifecycleListener - The APR based Apache Tomcat Native library which allows optimal performance in production environments was not found on the java.library.path: [C:\Program Files\Java\jdk1.8.0_111\bin;C:\Windows\Sun\Java\bin;C:\Windows\system32;C:\Windows;C:\Program Files\Java\apache-maven-3.5.4\bin;C:\Program Files (x86)\Common Files\Intel\Shared Libraries\redist\ia32\compiler;C:\Program Files (x86)\Common Files\Intel\Shared Libraries\redist\intel64\compiler;C:\ProgramData\Oracle\Java\javapath;C:\Program Files (x86)\Common Files\Microsoft Shared\Windows Live;C:\Windows\system32;C:\Windows;C:\Windows\System32\Wbem;C:\Windows\System32\WindowsPowerShell\v1.0\;C:\Program Files\Java\jdk1.8.0_111\bin;C:\Users\AloneStar\AppData\Local\Android\sdk\tools;C:\Program Files (x86)\NVIDIA Corporation\PhysX\Common;C:\Program Files (x86)\Microsoft SQL Server\100\Tools\Binn\;C:\Program Files\Microsoft SQL Server\100\Tools\Binn\;C:\Program Files\Microsoft SQL Server\100\DTS\Binn\;C:\Program Files\Java\apache-maven-3.5.4\bin;C:\Program Files\MySQL\MySQL Server 8.0\bin;C:\Program Files (x86)\Common Files\Microsoft Shared\Windows Live;.]
12:36:07.949 logback [main] INFO  o.a.c.c.C.[Tomcat].[localhost].[/] - Initializing Spring embedded WebApplicationContext
12:36:07.949 logback [main] INFO  o.s.web.context.ContextLoader - Root WebApplicationContext: initialization completed in 1451 ms
12:36:08.652 logback [main] INFO  s.d.s.w.PropertySourcedRequestMappingHandlerMapping - Mapped URL path [/v2/api-docs] onto method [public org.springframework.http.ResponseEntity<springfox.documentation.spring.web.json.Json> springfox.documentation.swagger2.web.Swagger2Controller.getDocumentation(java.lang.String,javax.servlet.http.HttpServletRequest)]
12:36:08.761 logback [main] INFO  o.s.s.c.ThreadPoolTaskExecutor - Initializing ExecutorService 'applicationTaskExecutor'
12:36:08.932 logback [main] INFO  s.d.s.w.p.DocumentationPluginsBootstrapper - Context refreshed
12:36:08.932 logback [main] INFO  s.d.s.w.p.DocumentationPluginsBootstrapper - Found 1 custom documentation plugin(s)
12:36:08.964 logback [main] INFO  s.d.s.w.s.ApiListingReferenceScanner - Scanning for api listing references
12:36:09.120 logback [main] INFO  o.a.coyote.http11.Http11NioProtocol - Starting ProtocolHandler ["http-nio-8080"]
12:36:09.135 logback [main] INFO  o.s.b.w.e.tomcat.TomcatWebServer - Tomcat started on port(s): 8080 (http) with context path ''
12:36:09.135 logback [main] INFO  com.qpanda.jls.JlsApplication - Started JlsApplication in 3.09 seconds (JVM running for 4.063)
12:36:13.325 logback [http-nio-8080-exec-1] INFO  o.a.c.c.C.[Tomcat].[localhost].[/] - Initializing Spring DispatcherServlet 'dispatcherServlet'
12:36:13.325 logback [http-nio-8080-exec-1] INFO  o.s.web.servlet.DispatcherServlet - Initializing Servlet 'dispatcherServlet'
12:36:13.325 logback [http-nio-8080-exec-1] INFO  o.s.web.servlet.DispatcherServlet - Completed initialization in 0 ms
12:36:13.845 logback [http-nio-8080-exec-2] INFO  com.zaxxer.hikari.HikariDataSource - HikariPool-1 - Starting...
12:36:14.658 logback [http-nio-8080-exec-2] INFO  com.zaxxer.hikari.HikariDataSource - HikariPool-1 - Start completed.
12:40:51.768 logback [main] INFO  com.qpanda.jls.JlsApplication - Starting JlsApplication on AloneStar-PC with PID 6160 (C:\Users\AloneStar\IdeaProjects\jls\target\classes started by AloneStar in C:\Users\AloneStar\IdeaProjects\jls)
12:40:51.768 logback [main] INFO  com.qpanda.jls.JlsApplication - No active profile set, falling back to default profiles: default
12:40:53.174 logback [main] INFO  o.s.c.s.PostProcessorRegistrationDelegate$BeanPostProcessorChecker - Bean 'org.springframework.transaction.annotation.ProxyTransactionManagementConfiguration' of type [org.springframework.transaction.annotation.ProxyTransactionManagementConfiguration$$EnhancerBySpringCGLIB$$f9bd3d91] is not eligible for getting processed by all BeanPostProcessors (for example: not eligible for auto-proxying)
12:40:53.502 logback [main] INFO  o.s.b.w.e.tomcat.TomcatWebServer - Tomcat initialized with port(s): 8080 (http)
12:40:53.518 logback [main] INFO  o.a.coyote.http11.Http11NioProtocol - Initializing ProtocolHandler ["http-nio-8080"]
12:40:53.518 logback [main] INFO  o.a.catalina.core.StandardService - Starting service [Tomcat]
12:40:53.518 logback [main] INFO  o.a.catalina.core.StandardEngine - Starting Servlet engine: [Apache Tomcat/9.0.14]
12:40:53.533 logback [main] INFO  o.a.c.core.AprLifecycleListener - The APR based Apache Tomcat Native library which allows optimal performance in production environments was not found on the java.library.path: [C:\Program Files\Java\jdk1.8.0_111\bin;C:\Windows\Sun\Java\bin;C:\Windows\system32;C:\Windows;C:\Program Files\Java\apache-maven-3.5.4\bin;C:\Program Files (x86)\Common Files\Intel\Shared Libraries\redist\ia32\compiler;C:\Program Files (x86)\Common Files\Intel\Shared Libraries\redist\intel64\compiler;C:\ProgramData\Oracle\Java\javapath;C:\Program Files (x86)\Common Files\Microsoft Shared\Windows Live;C:\Windows\system32;C:\Windows;C:\Windows\System32\Wbem;C:\Windows\System32\WindowsPowerShell\v1.0\;C:\Program Files\Java\jdk1.8.0_111\bin;C:\Users\AloneStar\AppData\Local\Android\sdk\tools;C:\Program Files (x86)\NVIDIA Corporation\PhysX\Common;C:\Program Files (x86)\Microsoft SQL Server\100\Tools\Binn\;C:\Program Files\Microsoft SQL Server\100\Tools\Binn\;C:\Program Files\Microsoft SQL Server\100\DTS\Binn\;C:\Program Files\Java\apache-maven-3.5.4\bin;C:\Program Files\MySQL\MySQL Server 8.0\bin;C:\Program Files (x86)\Common Files\Microsoft Shared\Windows Live;.]
12:40:53.658 logback [main] INFO  o.a.c.c.C.[Tomcat].[localhost].[/] - Initializing Spring embedded WebApplicationContext
12:40:53.658 logback [main] INFO  o.s.web.context.ContextLoader - Root WebApplicationContext: initialization completed in 1827 ms
12:40:54.502 logback [main] INFO  s.d.s.w.PropertySourcedRequestMappingHandlerMapping - Mapped URL path [/v2/api-docs] onto method [public org.springframework.http.ResponseEntity<springfox.documentation.spring.web.json.Json> springfox.documentation.swagger2.web.Swagger2Controller.getDocumentation(java.lang.String,javax.servlet.http.HttpServletRequest)]
12:40:54.643 logback [main] INFO  o.s.s.c.ThreadPoolTaskExecutor - Initializing ExecutorService 'applicationTaskExecutor'
12:40:54.861 logback [main] INFO  s.d.s.w.p.DocumentationPluginsBootstrapper - Context refreshed
12:40:54.877 logback [main] INFO  s.d.s.w.p.DocumentationPluginsBootstrapper - Found 1 custom documentation plugin(s)
12:40:54.908 logback [main] INFO  s.d.s.w.s.ApiListingReferenceScanner - Scanning for api listing references
12:40:55.111 logback [main] INFO  o.a.coyote.http11.Http11NioProtocol - Starting ProtocolHandler ["http-nio-8080"]
12:40:55.126 logback [main] INFO  o.s.b.w.e.tomcat.TomcatWebServer - Tomcat started on port(s): 8080 (http) with context path ''
12:40:55.142 logback [main] INFO  com.qpanda.jls.JlsApplication - Started JlsApplication in 3.765 seconds (JVM running for 4.845)
12:40:57.832 logback [http-nio-8080-exec-1] INFO  o.a.c.c.C.[Tomcat].[localhost].[/] - Initializing Spring DispatcherServlet 'dispatcherServlet'
12:40:57.833 logback [http-nio-8080-exec-1] INFO  o.s.web.servlet.DispatcherServlet - Initializing Servlet 'dispatcherServlet'
12:40:57.834 logback [http-nio-8080-exec-1] INFO  o.s.web.servlet.DispatcherServlet - Completed initialization in 1 ms
12:40:58.478 logback [http-nio-8080-exec-3] INFO  com.zaxxer.hikari.HikariDataSource - HikariPool-1 - Starting...
12:40:59.314 logback [http-nio-8080-exec-3] INFO  com.zaxxer.hikari.HikariDataSource - HikariPool-1 - Start completed.
12:42:17.391 logback [main] INFO  com.qpanda.jls.JlsApplication - Starting JlsApplication on AloneStar-PC with PID 6184 (C:\Users\AloneStar\IdeaProjects\jls\target\classes started by AloneStar in C:\Users\AloneStar\IdeaProjects\jls)
12:42:17.391 logback [main] INFO  com.qpanda.jls.JlsApplication - No active profile set, falling back to default profiles: default
12:42:18.596 logback [main] INFO  o.s.c.s.PostProcessorRegistrationDelegate$BeanPostProcessorChecker - Bean 'org.springframework.transaction.annotation.ProxyTransactionManagementConfiguration' of type [org.springframework.transaction.annotation.ProxyTransactionManagementConfiguration$$EnhancerBySpringCGLIB$$c7c17d54] is not eligible for getting processed by all BeanPostProcessors (for example: not eligible for auto-proxying)
12:42:18.845 logback [main] INFO  o.s.b.w.e.tomcat.TomcatWebServer - Tomcat initialized with port(s): 8080 (http)
12:42:18.861 logback [main] INFO  o.a.coyote.http11.Http11NioProtocol - Initializing ProtocolHandler ["http-nio-8080"]
12:42:18.876 logback [main] INFO  o.a.catalina.core.StandardService - Starting service [Tomcat]
12:42:18.876 logback [main] INFO  o.a.catalina.core.StandardEngine - Starting Servlet engine: [Apache Tomcat/9.0.14]
12:42:18.876 logback [main] INFO  o.a.c.core.AprLifecycleListener - The APR based Apache Tomcat Native library which allows optimal performance in production environments was not found on the java.library.path: [C:\Program Files\Java\jdk1.8.0_111\bin;C:\Windows\Sun\Java\bin;C:\Windows\system32;C:\Windows;C:\Program Files\Java\apache-maven-3.5.4\bin;C:\Program Files (x86)\Common Files\Intel\Shared Libraries\redist\ia32\compiler;C:\Program Files (x86)\Common Files\Intel\Shared Libraries\redist\intel64\compiler;C:\ProgramData\Oracle\Java\javapath;C:\Program Files (x86)\Common Files\Microsoft Shared\Windows Live;C:\Windows\system32;C:\Windows;C:\Windows\System32\Wbem;C:\Windows\System32\WindowsPowerShell\v1.0\;C:\Program Files\Java\jdk1.8.0_111\bin;C:\Users\AloneStar\AppData\Local\Android\sdk\tools;C:\Program Files (x86)\NVIDIA Corporation\PhysX\Common;C:\Program Files (x86)\Microsoft SQL Server\100\Tools\Binn\;C:\Program Files\Microsoft SQL Server\100\Tools\Binn\;C:\Program Files\Microsoft SQL Server\100\DTS\Binn\;C:\Program Files\Java\apache-maven-3.5.4\bin;C:\Program Files\MySQL\MySQL Server 8.0\bin;C:\Program Files (x86)\Common Files\Microsoft Shared\Windows Live;.]
12:42:18.970 logback [main] INFO  o.a.c.c.C.[Tomcat].[localhost].[/] - Initializing Spring embedded WebApplicationContext
12:42:18.970 logback [main] INFO  o.s.web.context.ContextLoader - Root WebApplicationContext: initialization completed in 1500 ms
12:42:19.627 logback [main] INFO  s.d.s.w.PropertySourcedRequestMappingHandlerMapping - Mapped URL path [/v2/api-docs] onto method [public org.springframework.http.ResponseEntity<springfox.documentation.spring.web.json.Json> springfox.documentation.swagger2.web.Swagger2Controller.getDocumentation(java.lang.String,javax.servlet.http.HttpServletRequest)]
12:42:19.736 logback [main] INFO  o.s.s.c.ThreadPoolTaskExecutor - Initializing ExecutorService 'applicationTaskExecutor'
12:42:19.908 logback [main] INFO  s.d.s.w.p.DocumentationPluginsBootstrapper - Context refreshed
12:42:19.924 logback [main] INFO  s.d.s.w.p.DocumentationPluginsBootstrapper - Found 1 custom documentation plugin(s)
12:42:19.955 logback [main] INFO  s.d.s.w.s.ApiListingReferenceScanner - Scanning for api listing references
12:42:20.095 logback [main] INFO  o.a.coyote.http11.Http11NioProtocol - Starting ProtocolHandler ["http-nio-8080"]
12:42:20.111 logback [main] INFO  o.s.b.w.e.tomcat.TomcatWebServer - Tomcat started on port(s): 8080 (http) with context path ''
12:42:20.111 logback [main] INFO  com.qpanda.jls.JlsApplication - Started JlsApplication in 3.141 seconds (JVM running for 4.172)
12:44:38.310 logback [main] INFO  com.qpanda.jls.JlsApplication - Starting JlsApplication on AloneStar-PC with PID 4556 (C:\Users\AloneStar\IdeaProjects\jls\target\classes started by AloneStar in C:\Users\AloneStar\IdeaProjects\jls)
12:44:38.310 logback [main] INFO  com.qpanda.jls.JlsApplication - No active profile set, falling back to default profiles: default
12:44:39.543 logback [main] INFO  o.s.c.s.PostProcessorRegistrationDelegate$BeanPostProcessorChecker - Bean 'org.springframework.transaction.annotation.ProxyTransactionManagementConfiguration' of type [org.springframework.transaction.annotation.ProxyTransactionManagementConfiguration$$EnhancerBySpringCGLIB$$46342297] is not eligible for getting processed by all BeanPostProcessors (for example: not eligible for auto-proxying)
12:44:39.793 logback [main] INFO  o.s.b.w.e.tomcat.TomcatWebServer - Tomcat initialized with port(s): 8080 (http)
12:44:39.808 logback [main] INFO  o.a.coyote.http11.Http11NioProtocol - Initializing ProtocolHandler ["http-nio-8080"]
12:44:39.808 logback [main] INFO  o.a.catalina.core.StandardService - Starting service [Tomcat]
12:44:39.808 logback [main] INFO  o.a.catalina.core.StandardEngine - Starting Servlet engine: [Apache Tomcat/9.0.14]
12:44:39.824 logback [main] INFO  o.a.c.core.AprLifecycleListener - The APR based Apache Tomcat Native library which allows optimal performance in production environments was not found on the java.library.path: [C:\Program Files\Java\jdk1.8.0_111\bin;C:\Windows\Sun\Java\bin;C:\Windows\system32;C:\Windows;C:\Program Files\Java\apache-maven-3.5.4\bin;C:\Program Files (x86)\Common Files\Intel\Shared Libraries\redist\ia32\compiler;C:\Program Files (x86)\Common Files\Intel\Shared Libraries\redist\intel64\compiler;C:\ProgramData\Oracle\Java\javapath;C:\Program Files (x86)\Common Files\Microsoft Shared\Windows Live;C:\Windows\system32;C:\Windows;C:\Windows\System32\Wbem;C:\Windows\System32\WindowsPowerShell\v1.0\;C:\Program Files\Java\jdk1.8.0_111\bin;C:\Users\AloneStar\AppData\Local\Android\sdk\tools;C:\Program Files (x86)\NVIDIA Corporation\PhysX\Common;C:\Program Files (x86)\Microsoft SQL Server\100\Tools\Binn\;C:\Program Files\Microsoft SQL Server\100\Tools\Binn\;C:\Program Files\Microsoft SQL Server\100\DTS\Binn\;C:\Program Files\Java\apache-maven-3.5.4\bin;C:\Program Files\MySQL\MySQL Server 8.0\bin;C:\Program Files (x86)\Common Files\Microsoft Shared\Windows Live;.]
12:44:39.918 logback [main] INFO  o.a.c.c.C.[Tomcat].[localhost].[/] - Initializing Spring embedded WebApplicationContext
12:44:39.918 logback [main] INFO  o.s.web.context.ContextLoader - Root WebApplicationContext: initialization completed in 1546 ms
12:44:40.588 logback [main] INFO  s.d.s.w.PropertySourcedRequestMappingHandlerMapping - Mapped URL path [/v2/api-docs] onto method [public org.springframework.http.ResponseEntity<springfox.documentation.spring.web.json.Json> springfox.documentation.swagger2.web.Swagger2Controller.getDocumentation(java.lang.String,javax.servlet.http.HttpServletRequest)]
12:44:40.682 logback [main] INFO  o.s.s.c.ThreadPoolTaskExecutor - Initializing ExecutorService 'applicationTaskExecutor'
12:44:40.854 logback [main] INFO  s.d.s.w.p.DocumentationPluginsBootstrapper - Context refreshed
12:44:40.869 logback [main] INFO  s.d.s.w.p.DocumentationPluginsBootstrapper - Found 1 custom documentation plugin(s)
12:44:40.900 logback [main] INFO  s.d.s.w.s.ApiListingReferenceScanner - Scanning for api listing references
12:44:41.041 logback [main] INFO  o.a.coyote.http11.Http11NioProtocol - Starting ProtocolHandler ["http-nio-8080"]
12:44:41.072 logback [main] INFO  o.s.b.w.e.tomcat.TomcatWebServer - Tomcat started on port(s): 8080 (http) with context path ''
12:44:41.072 logback [main] INFO  com.qpanda.jls.JlsApplication - Started JlsApplication in 3.137 seconds (JVM running for 4.107)
12:45:02.641 logback [http-nio-8080-exec-1] INFO  o.a.c.c.C.[Tomcat].[localhost].[/] - Initializing Spring DispatcherServlet 'dispatcherServlet'
12:45:02.641 logback [http-nio-8080-exec-1] INFO  o.s.web.servlet.DispatcherServlet - Initializing Servlet 'dispatcherServlet'
12:45:02.641 logback [http-nio-8080-exec-1] INFO  o.s.web.servlet.DispatcherServlet - Completed initialization in 0 ms
12:45:03.052 logback [http-nio-8080-exec-4] INFO  com.zaxxer.hikari.HikariDataSource - HikariPool-1 - Starting...
12:45:03.674 logback [http-nio-8080-exec-4] INFO  com.zaxxer.hikari.HikariDataSource - HikariPool-1 - Start completed.
12:48:18.998 logback [main] INFO  com.qpanda.jls.JlsApplication - Starting JlsApplication on AloneStar-PC with PID 1032 (C:\Users\AloneStar\IdeaProjects\jls\target\classes started by AloneStar in C:\Users\AloneStar\IdeaProjects\jls)
12:48:18.998 logback [main] INFO  com.qpanda.jls.JlsApplication - No active profile set, falling back to default profiles: default
12:48:20.302 logback [main] INFO  o.s.c.s.PostProcessorRegistrationDelegate$BeanPostProcessorChecker - Bean 'org.springframework.transaction.annotation.ProxyTransactionManagementConfiguration' of type [org.springframework.transaction.annotation.ProxyTransactionManagementConfiguration$$EnhancerBySpringCGLIB$$c4bdbf03] is not eligible for getting processed by all BeanPostProcessors (for example: not eligible for auto-proxying)
12:48:20.537 logback [main] INFO  o.s.b.w.e.tomcat.TomcatWebServer - Tomcat initialized with port(s): 8080 (http)
12:48:20.552 logback [main] INFO  o.a.coyote.http11.Http11NioProtocol - Initializing ProtocolHandler ["http-nio-8080"]
12:48:20.552 logback [main] INFO  o.a.catalina.core.StandardService - Starting service [Tomcat]
12:48:20.552 logback [main] INFO  o.a.catalina.core.StandardEngine - Starting Servlet engine: [Apache Tomcat/9.0.14]
12:48:20.568 logback [main] INFO  o.a.c.core.AprLifecycleListener - The APR based Apache Tomcat Native library which allows optimal performance in production environments was not found on the java.library.path: [C:\Program Files\Java\jdk1.8.0_111\bin;C:\Windows\Sun\Java\bin;C:\Windows\system32;C:\Windows;C:\Program Files\Java\apache-maven-3.5.4\bin;C:\Program Files (x86)\Common Files\Intel\Shared Libraries\redist\ia32\compiler;C:\Program Files (x86)\Common Files\Intel\Shared Libraries\redist\intel64\compiler;C:\ProgramData\Oracle\Java\javapath;C:\Program Files (x86)\Common Files\Microsoft Shared\Windows Live;C:\Windows\system32;C:\Windows;C:\Windows\System32\Wbem;C:\Windows\System32\WindowsPowerShell\v1.0\;C:\Program Files\Java\jdk1.8.0_111\bin;C:\Users\AloneStar\AppData\Local\Android\sdk\tools;C:\Program Files (x86)\NVIDIA Corporation\PhysX\Common;C:\Program Files (x86)\Microsoft SQL Server\100\Tools\Binn\;C:\Program Files\Microsoft SQL Server\100\Tools\Binn\;C:\Program Files\Microsoft SQL Server\100\DTS\Binn\;C:\Program Files\Java\apache-maven-3.5.4\bin;C:\Program Files\MySQL\MySQL Server 8.0\bin;C:\Program Files (x86)\Common Files\Microsoft Shared\Windows Live;.]
12:48:20.661 logback [main] INFO  o.a.c.c.C.[Tomcat].[localhost].[/] - Initializing Spring embedded WebApplicationContext
12:48:20.661 logback [main] INFO  o.s.web.context.ContextLoader - Root WebApplicationContext: initialization completed in 1617 ms
12:48:21.399 logback [main] INFO  s.d.s.w.PropertySourcedRequestMappingHandlerMapping - Mapped URL path [/v2/api-docs] onto method [public org.springframework.http.ResponseEntity<springfox.documentation.spring.web.json.Json> springfox.documentation.swagger2.web.Swagger2Controller.getDocumentation(java.lang.String,javax.servlet.http.HttpServletRequest)]
12:48:21.502 logback [main] INFO  o.s.s.c.ThreadPoolTaskExecutor - Initializing ExecutorService 'applicationTaskExecutor'
12:48:21.683 logback [main] INFO  s.d.s.w.p.DocumentationPluginsBootstrapper - Context refreshed
12:48:21.698 logback [main] INFO  s.d.s.w.p.DocumentationPluginsBootstrapper - Found 1 custom documentation plugin(s)
12:48:21.730 logback [main] INFO  s.d.s.w.s.ApiListingReferenceScanner - Scanning for api listing references
12:48:21.881 logback [main] INFO  o.a.coyote.http11.Http11NioProtocol - Starting ProtocolHandler ["http-nio-8080"]
12:48:21.902 logback [main] INFO  o.s.b.w.e.tomcat.TomcatWebServer - Tomcat started on port(s): 8080 (http) with context path ''
12:48:21.904 logback [main] INFO  com.qpanda.jls.JlsApplication - Started JlsApplication in 3.265 seconds (JVM running for 4.389)
12:48:27.909 logback [http-nio-8080-exec-1] INFO  o.a.c.c.C.[Tomcat].[localhost].[/] - Initializing Spring DispatcherServlet 'dispatcherServlet'
12:48:27.909 logback [http-nio-8080-exec-1] INFO  o.s.web.servlet.DispatcherServlet - Initializing Servlet 'dispatcherServlet'
12:48:27.909 logback [http-nio-8080-exec-1] INFO  o.s.web.servlet.DispatcherServlet - Completed initialization in 0 ms
12:48:28.583 logback [http-nio-8080-exec-3] INFO  com.zaxxer.hikari.HikariDataSource - HikariPool-1 - Starting...
12:48:29.217 logback [http-nio-8080-exec-3] INFO  com.zaxxer.hikari.HikariDataSource - HikariPool-1 - Start completed.
