10:19:56.785 logback [main] INFO  com.qpanda.jls.JlsApplication - Starting JlsApplication on DESKTOP-HG9VE1J with PID 7944 (C:\Users\a5500\IdeaProjects\jls\target\classes started by a5500 in C:\Users\a5500\IdeaProjects\jls)
10:19:56.785 logback [main] INFO  com.qpanda.jls.JlsApplication - No active profile set, falling back to default profiles: default
10:19:58.415 logback [main] INFO  o.s.c.s.PostProcessorRegistrationDelegate$BeanPostProcessorChecker - Bean 'org.springframework.transaction.annotation.ProxyTransactionManagementConfiguration' of type [org.springframework.transaction.annotation.ProxyTransactionManagementConfiguration$$EnhancerBySpringCGLIB$$a47c71c0] is not eligible for getting processed by all BeanPostProcessors (for example: not eligible for auto-proxying)
10:19:58.806 logback [main] INFO  o.s.b.w.e.tomcat.TomcatWebServer - Tomcat initialized with port(s): 8080 (http)
10:19:58.822 logback [main] INFO  o.a.coyote.http11.Http11NioProtocol - Initializing ProtocolHandler ["http-nio-8080"]
10:19:58.822 logback [main] INFO  o.a.catalina.core.StandardService - Starting service [Tomcat]
10:19:58.822 logback [main] INFO  o.a.catalina.core.StandardEngine - Starting Servlet engine: [Apache Tomcat/9.0.14]
10:19:58.837 logback [main] INFO  o.a.c.core.AprLifecycleListener - The APR based Apache Tomcat Native library which allows optimal performance in production environments was not found on the java.library.path: [C:\Program Files\Java\jdk-12\bin;C:\Windows\Sun\Java\bin;C:\Windows\system32;C:\Windows;C:\Windows\system32;C:\Windows;C:\Windows\System32\Wbem;C:\Windows\System32\WindowsPowerShell\v1.0\;C:\Windows\System32\OpenSSH\;C:\Program Files\nodejs\;C:\Program Files\MySQL\MySQL Server 8.0\bin;C:\Users\a5500\AppData\Local\Microsoft\WindowsApps;C:\Program Files\Java\jdk-12\bin;C:\Program Files\Java\jdk-12\jre\bin;C:\Program Files\Bandizip\;C:\Users\a5500\AppData\Roaming\npm;.]
10:19:59.071 logback [main] INFO  o.a.c.c.C.[Tomcat].[localhost].[/] - Initializing Spring embedded WebApplicationContext
10:19:59.071 logback [main] INFO  o.s.web.context.ContextLoader - Root WebApplicationContext: initialization completed in 2208 ms
10:19:59.901 logback [main] INFO  s.d.s.w.PropertySourcedRequestMappingHandlerMapping - Mapped URL path [/v2/api-docs] onto method [public org.springframework.http.ResponseEntity<springfox.documentation.spring.web.json.Json> springfox.documentation.swagger2.web.Swagger2Controller.getDocumentation(java.lang.String,javax.servlet.http.HttpServletRequest)]
10:20:00.032 logback [main] INFO  o.s.s.c.ThreadPoolTaskExecutor - Initializing ExecutorService 'applicationTaskExecutor'
10:20:00.274 logback [main] INFO  s.d.s.w.p.DocumentationPluginsBootstrapper - Context refreshed
10:20:00.289 logback [main] INFO  s.d.s.w.p.DocumentationPluginsBootstrapper - Found 1 custom documentation plugin(s)
10:20:00.336 logback [main] INFO  s.d.s.w.s.ApiListingReferenceScanner - Scanning for api listing references
10:20:00.449 logback [main] INFO  s.d.s.w.r.o.CachingOperationNameGenerator - Generating unique operation named: addArticleUsingPOST_1
10:20:00.465 logback [main] INFO  s.d.s.w.r.o.CachingOperationNameGenerator - Generating unique operation named: deleteArticleUsingDELETE_1
10:20:00.465 logback [main] INFO  s.d.s.w.r.o.CachingOperationNameGenerator - Generating unique operation named: getArticleUsingGET_1
10:20:00.465 logback [main] INFO  s.d.s.w.r.o.CachingOperationNameGenerator - Generating unique operation named: getArticleListUsingGET_1
10:20:00.465 logback [main] INFO  s.d.s.w.r.o.CachingOperationNameGenerator - Generating unique operation named: getArticleListByTypeUsingGET_1
10:20:00.480 logback [main] INFO  s.d.s.w.r.o.CachingOperationNameGenerator - Generating unique operation named: updateArticleUsingPUT_1
10:20:00.480 logback [main] INFO  s.d.s.w.r.o.CachingOperationNameGenerator - Generating unique operation named: addChapterUsingPOST_1
10:20:00.496 logback [main] INFO  s.d.s.w.r.o.CachingOperationNameGenerator - Generating unique operation named: deleteChapterUsingDELETE_1
10:20:00.496 logback [main] INFO  s.d.s.w.r.o.CachingOperationNameGenerator - Generating unique operation named: getArticleListUsingGET_2
10:20:00.496 logback [main] INFO  s.d.s.w.r.o.CachingOperationNameGenerator - Generating unique operation named: getArticleListUsingGET_3
10:20:00.496 logback [main] INFO  s.d.s.w.r.o.CachingOperationNameGenerator - Generating unique operation named: getChapterUsingGET_1
10:20:00.496 logback [main] INFO  s.d.s.w.r.o.CachingOperationNameGenerator - Generating unique operation named: getChapterListByTypeUsingGET_1
10:20:00.512 logback [main] INFO  s.d.s.w.r.o.CachingOperationNameGenerator - Generating unique operation named: updateChapterUsingPUT_1
10:20:00.527 logback [main] INFO  s.d.s.w.r.o.CachingOperationNameGenerator - Generating unique operation named: addQuestionUsingPOST_1
10:20:00.543 logback [main] INFO  s.d.s.w.r.o.CachingOperationNameGenerator - Generating unique operation named: deleteQuestionUsingDELETE_1
10:20:00.543 logback [main] INFO  s.d.s.w.r.o.CachingOperationNameGenerator - Generating unique operation named: getArticleListByTypeUsingGET_2
10:20:00.543 logback [main] INFO  s.d.s.w.r.o.CachingOperationNameGenerator - Generating unique operation named: getArticleListByTypeUsingGET_3
10:20:00.543 logback [main] INFO  s.d.s.w.r.o.CachingOperationNameGenerator - Generating unique operation named: getQuestionUsingGET_1
10:20:00.543 logback [main] INFO  s.d.s.w.r.o.CachingOperationNameGenerator - Generating unique operation named: getQuestionListUsingGET_1
10:20:00.543 logback [main] INFO  s.d.s.w.r.o.CachingOperationNameGenerator - Generating unique operation named: updateQuestionUsingPUT_1
10:20:00.605 logback [main] INFO  o.a.coyote.http11.Http11NioProtocol - Starting ProtocolHandler ["http-nio-8080"]
10:20:00.637 logback [main] INFO  o.s.b.w.e.tomcat.TomcatWebServer - Tomcat started on port(s): 8080 (http) with context path ''
10:20:00.637 logback [main] INFO  com.qpanda.jls.JlsApplication - Started JlsApplication in 4.462 seconds (JVM running for 6.686)
10:23:51.229 logback [http-nio-8080-exec-1] INFO  o.a.c.c.C.[Tomcat].[localhost].[/] - Initializing Spring DispatcherServlet 'dispatcherServlet'
10:23:51.230 logback [http-nio-8080-exec-1] INFO  o.s.web.servlet.DispatcherServlet - Initializing Servlet 'dispatcherServlet'
10:23:51.241 logback [http-nio-8080-exec-1] INFO  o.s.web.servlet.DispatcherServlet - Completed initialization in 11 ms
10:23:51.306 logback [http-nio-8080-exec-1] INFO  com.zaxxer.hikari.HikariDataSource - HikariPool-1 - Starting...
10:23:51.667 logback [http-nio-8080-exec-1] INFO  com.zaxxer.hikari.HikariDataSource - HikariPool-1 - Start completed.
14:53:29.510 logback [background-preinit] DEBUG o.h.v.m.ResourceBundleMessageInterpolator - Loaded expression factory via original TCCL
14:53:29.645 logback [main] INFO  com.qpanda.jls.JlsApplication - Starting JlsApplication on DESKTOP-HG9VE1J with PID 9888 (C:\Users\a5500\IdeaProjects\jls\target\classes started by a5500 in C:\Users\a5500\IdeaProjects\jls)
14:53:29.648 logback [main] INFO  com.qpanda.jls.JlsApplication - No active profile set, falling back to default profiles: default
14:53:31.439 logback [main] INFO  o.s.c.s.PostProcessorRegistrationDelegate$BeanPostProcessorChecker - Bean 'org.springframework.transaction.annotation.ProxyTransactionManagementConfiguration' of type [org.springframework.transaction.annotation.ProxyTransactionManagementConfiguration$$EnhancerBySpringCGLIB$$be0d7ecd] is not eligible for getting processed by all BeanPostProcessors (for example: not eligible for auto-proxying)
14:53:31.831 logback [main] INFO  o.s.b.w.e.tomcat.TomcatWebServer - Tomcat initialized with port(s): 8080 (http)
14:53:31.850 logback [main] INFO  o.a.coyote.http11.Http11NioProtocol - Initializing ProtocolHandler ["http-nio-8080"]
14:53:31.860 logback [main] INFO  o.a.catalina.core.StandardService - Starting service [Tomcat]
14:53:31.860 logback [main] INFO  o.a.catalina.core.StandardEngine - Starting Servlet engine: [Apache Tomcat/9.0.14]
14:53:31.865 logback [main] INFO  o.a.c.core.AprLifecycleListener - The APR based Apache Tomcat Native library which allows optimal performance in production environments was not found on the java.library.path: [C:\Program Files\Java\jdk-12\bin;C:\Windows\Sun\Java\bin;C:\Windows\system32;C:\Windows;C:\Windows\system32;C:\Windows;C:\Windows\System32\Wbem;C:\Windows\System32\WindowsPowerShell\v1.0\;C:\Windows\System32\OpenSSH\;C:\Program Files\nodejs\;C:\Program Files\MySQL\MySQL Server 8.0\bin;C:\Users\a5500\AppData\Local\Microsoft\WindowsApps;C:\Program Files\Java\jdk-12\bin;C:\Program Files\Java\jdk-12\jre\bin;C:\Program Files\Bandizip\;C:\Users\a5500\AppData\Roaming\npm;.]
14:53:32.110 logback [main] INFO  o.a.c.c.C.[Tomcat].[localhost].[/] - Initializing Spring embedded WebApplicationContext
14:53:32.110 logback [main] INFO  o.s.web.context.ContextLoader - Root WebApplicationContext: initialization completed in 2395 ms
14:53:33.099 logback [main] INFO  s.d.s.w.PropertySourcedRequestMappingHandlerMapping - Mapped URL path [/v2/api-docs] onto method [public org.springframework.http.ResponseEntity<springfox.documentation.spring.web.json.Json> springfox.documentation.swagger2.web.Swagger2Controller.getDocumentation(java.lang.String,javax.servlet.http.HttpServletRequest)]
14:53:33.286 logback [main] INFO  o.s.s.c.ThreadPoolTaskExecutor - Initializing ExecutorService 'applicationTaskExecutor'
14:53:33.599 logback [main] INFO  s.d.s.w.p.DocumentationPluginsBootstrapper - Context refreshed
14:53:33.624 logback [main] INFO  s.d.s.w.p.DocumentationPluginsBootstrapper - Found 1 custom documentation plugin(s)
14:53:33.681 logback [main] INFO  s.d.s.w.s.ApiListingReferenceScanner - Scanning for api listing references
14:53:33.832 logback [main] INFO  s.d.s.w.r.o.CachingOperationNameGenerator - Generating unique operation named: addArticleUsingPOST_1
14:53:33.836 logback [main] INFO  s.d.s.w.r.o.CachingOperationNameGenerator - Generating unique operation named: deleteArticleUsingDELETE_1
14:53:33.843 logback [main] INFO  s.d.s.w.r.o.CachingOperationNameGenerator - Generating unique operation named: getArticleUsingGET_1
14:53:33.849 logback [main] INFO  s.d.s.w.r.o.CachingOperationNameGenerator - Generating unique operation named: getArticleListUsingGET_1
14:53:33.853 logback [main] INFO  s.d.s.w.r.o.CachingOperationNameGenerator - Generating unique operation named: getArticleListByTypeUsingGET_1
14:53:33.856 logback [main] INFO  s.d.s.w.r.o.CachingOperationNameGenerator - Generating unique operation named: updateArticleUsingPUT_1
14:53:33.866 logback [main] INFO  s.d.s.w.r.o.CachingOperationNameGenerator - Generating unique operation named: addChapterUsingPOST_1
14:53:33.866 logback [main] INFO  s.d.s.w.r.o.CachingOperationNameGenerator - Generating unique operation named: deleteChapterUsingDELETE_1
14:53:33.871 logback [main] INFO  s.d.s.w.r.o.CachingOperationNameGenerator - Generating unique operation named: getArticleListUsingGET_2
14:53:33.871 logback [main] INFO  s.d.s.w.r.o.CachingOperationNameGenerator - Generating unique operation named: getArticleListUsingGET_3
14:53:33.878 logback [main] INFO  s.d.s.w.r.o.CachingOperationNameGenerator - Generating unique operation named: getChapterUsingGET_1
14:53:33.884 logback [main] INFO  s.d.s.w.r.o.CachingOperationNameGenerator - Generating unique operation named: getChapterListByTypeUsingGET_1
14:53:33.888 logback [main] INFO  s.d.s.w.r.o.CachingOperationNameGenerator - Generating unique operation named: updateChapterUsingPUT_1
14:53:33.932 logback [main] INFO  s.d.s.w.r.o.CachingOperationNameGenerator - Generating unique operation named: addQuestionUsingPOST_1
14:53:33.938 logback [main] INFO  s.d.s.w.r.o.CachingOperationNameGenerator - Generating unique operation named: deleteQuestionUsingDELETE_1
14:53:33.945 logback [main] INFO  s.d.s.w.r.o.CachingOperationNameGenerator - Generating unique operation named: getArticleListByTypeUsingGET_2
14:53:33.947 logback [main] INFO  s.d.s.w.r.o.CachingOperationNameGenerator - Generating unique operation named: getArticleListByTypeUsingGET_3
14:53:33.952 logback [main] INFO  s.d.s.w.r.o.CachingOperationNameGenerator - Generating unique operation named: getQuestionUsingGET_1
14:53:33.965 logback [main] INFO  s.d.s.w.r.o.CachingOperationNameGenerator - Generating unique operation named: getQuestionListUsingGET_1
14:53:33.972 logback [main] INFO  s.d.s.w.r.o.CachingOperationNameGenerator - Generating unique operation named: updateQuestionUsingPUT_1
14:53:34.048 logback [main] INFO  o.a.coyote.http11.Http11NioProtocol - Starting ProtocolHandler ["http-nio-8080"]
14:53:34.087 logback [main] INFO  o.s.b.w.e.tomcat.TomcatWebServer - Tomcat started on port(s): 8080 (http) with context path ''
14:53:34.092 logback [main] INFO  com.qpanda.jls.JlsApplication - Started JlsApplication in 5.08 seconds (JVM running for 6.715)
14:55:09.145 logback [http-nio-8080-exec-1] INFO  o.a.c.c.C.[Tomcat].[localhost].[/] - Initializing Spring DispatcherServlet 'dispatcherServlet'
14:55:09.145 logback [http-nio-8080-exec-1] INFO  o.s.web.servlet.DispatcherServlet - Initializing Servlet 'dispatcherServlet'
14:55:09.153 logback [http-nio-8080-exec-1] INFO  o.s.web.servlet.DispatcherServlet - Completed initialization in 8 ms
14:55:09.232 logback [http-nio-8080-exec-1] INFO  com.zaxxer.hikari.HikariDataSource - HikariPool-1 - Starting...
14:55:09.507 logback [http-nio-8080-exec-1] INFO  com.zaxxer.hikari.HikariDataSource - HikariPool-1 - Start completed.
